<?xml version="1.0" encoding="UTF-8"?>
<testng-results ignored="0" total="1" passed="1" failed="0" skipped="0">
  <reporter-output>
  </reporter-output>
  <suite started-at="2024-01-20T15:48:03Z" name="Default suite" finished-at="2024-01-20T15:48:07Z" duration-ms="3965">
    <groups>
    </groups>
    <test started-at="2024-01-20T15:48:03Z" name="Default test" finished-at="2024-01-20T15:48:07Z" duration-ms="3965">
      <class name="prueba.pruebaTest">
        <test-method signature="f()[pri:0, instance:prueba.pruebaTest@6fa51cd4]" started-at="2024-01-20T09:48:03Z" name="f" finished-at="2024-01-20T09:48:07Z" duration-ms="3927" status="PASS">
          <reporter-output>
          </reporter-output>
        </test-method> <!-- f -->
      </class> <!-- prueba.pruebaTest -->
    </test> <!-- Default test -->
  </suite> <!-- Default suite -->
</testng-results>
